<?xml version="1.0" encoding="UTF-8"?>
<!-- Generated by org.testng.reporters.JUnitXMLReporter -->
<testsuite ignored="0" hostname="DESKTOP-EDANQ1M" failures="1" tests="2" name="Test" time="22.959" errors="0" timestamp="2021-12-05T19:47:15 IST">
  <testcase classname="testcases.LoginPageTestCases" name="veifyId" time="6.456">
    <failure type="java.lang.AssertionError" message="login failed.... expected [Dashboard] but found [xydashboard]">
      <![CDATA[java.lang.AssertionError: login failed.... expected [Dashboard] but found [xydashboard]
at testcases.LoginPageTestCases.veifyId(LoginPageTestCases.java:34)
at java.base/java.util.ArrayList.forEach(ArrayList.java:1541)
... Removed 32 stack frames]]>
    </failure>
  </testcase> <!-- veifyId -->
  <testcase classname="testcases.LoginPageTestCases" name="invalidId" time="1.772"/>
</testsuite> <!-- Test -->
