-------------------------------------------------------------------------------
Test set: TestSuite
-------------------------------------------------------------------------------
Tests run: 2, Failures: 1, Errors: 0, Skipped: 0, Time elapsed: 16.887 s <<< FAILURE! - in TestSuite
testcases.LoginPageTestCases.veifyId[Admin, admin123](1)  Time elapsed: 3.721 s  <<< FAILURE!
java.lang.AssertionError: login failed.... expected [Dashboard] but found [xydashboard]
	at testcases.LoginPageTestCases.veifyId(LoginPageTestCases.java:34)

